#
# A fatal error has been detected by the Java Runtime Environment:
#
#  EXCEPTION_ACCESS_VIOLATION (0xc0000005) at pc=0x0000000069b08624, pid=11736, tid=9868
#
# JRE version: 7.0_11-b21
# Java VM: Java HotSpot(TM) 64-Bit Server VM (23.6-b04 mixed mode windows-amd64 compressed oops)
# Problematic frame:
# C  0x0000000069b08624
#
# Failed to write core dump. Minidumps are not enabled by default on client versions of Windows
#
# If you would like to submit a bug report, please visit:
#   http://bugreport.sun.com/bugreport/crash.jsp
# The crash happened outside the Java Virtual Machine in native code.
# See problematic frame for where to report the bug.
#

---------------  T H R E A D  ---------------

Current thread (0x000000005c240000):  JavaThread "AWT-EventQueue-0" [_thread_in_native, id=9868, stack(0x0000000097ff0000,0x000000009bff0000)]

siginfo: ExceptionCode=0xc0000005, reading address 0x0000000000000008

Registers:
RAX=0x000000000000000d, RBX=0x000000005c2401d8, RCX=0x0000000000000000, RDX=0xffffffff8f012f62
RSP=0x000000009bfede38, RBP=0x000000005c2401d8, RSI=0x0000000129976880, RDI=0x00000000bff94430
R8 =0x000000009bfeddf8, R9 =0x0000000000000000, R10=0x0000000000000000, R11=0x0000000000000246
R12=0xffffffff8f012f62, R13=0x0000000000000000, R14=0x0000000000000013, R15=0x000000005c240000
RIP=0x0000000069b08624, EFLAGS=0x0000000000010202

Top of Stack: (sp=0x000000009bfede38)
0x000000009bfede38:   0000000069ac9589 0000000000000000
0x000000009bfede48:   000000005c2401d8 00000000689e01a0
0x000000009bfede58:   00000000689e01a0 0000000000000000
0x000000009bfede68:   0000000129976880 000000009bfee4f8
0x000000009bfede78:   0000000069aaa6b1 000000005c2401d8
0x000000009bfede88:   0000000000000000 000000009bfedf01
0x000000009bfede98:   00000000fa871af8 00000001293fb970
0x000000009bfedea8:   0000000069ac627a 000000009bfee4f8
0x000000009bfedeb8:   000000009bfedfb0 000000005c2401d8
0x000000009bfedec8:   00000000e8242df0 0000000000000000
0x000000009bfeded8:   0000000000000000 00000000fa871958
0x000000009bfedee8:   00000000e9bce648 00000001e8043ef8
0x000000009bfedef8:   0000000000000000 bff0000000000000
0x000000009bfedf08:   0000078000000001 0000000000000000
0x000000009bfedf18:   0000000000000009 0000000000000029
0x000000009bfedf28:   000000009bfee500 000000005c2401d8 

Instructions: (pc=0x0000000069b08624)
0x0000000069b08604:   5e 41 5d 41 5c 5f c3 cc 48 8b 41 08 48 05 00 04
0x0000000069b08614:   00 00 c3 cc 48 8b 41 08 48 8b 80 18 0c 00 00 c3
0x0000000069b08624:   48 8b 49 08 48 85 c9 74 05 e9 0e 72 fe ff 33 c0
0x0000000069b08634:   c3 cc cc cc 48 83 ec 28 48 8b 49 08 48 85 c9 74 


Register to memory mapping:

RAX=0x000000000000000d is an unknown value
RBX=0x000000005c2401d8 is an unknown value
RCX=0x0000000000000000 is an unknown value
RDX=0xffffffff8f012f62 is an unknown value
RSP=0x000000009bfede38 is pointing into the stack for thread: 0x000000005c240000
RBP=0x000000005c2401d8 is an unknown value
RSI=0x0000000129976880 is an unknown value
RDI=0x00000000bff94430 is an unknown value
R8 =0x000000009bfeddf8 is pointing into the stack for thread: 0x000000005c240000
R9 =0x0000000000000000 is an unknown value
R10=0x0000000000000000 is an unknown value
R11=0x0000000000000246 is an unknown value
R12=0xffffffff8f012f62 is an unknown value
R13=0x0000000000000000 is an unknown value
R14=0x0000000000000013 is an unknown value
R15=0x000000005c240000 is a thread


Stack: [0x0000000097ff0000,0x000000009bff0000],  sp=0x000000009bfede38,  free space=65527k
Native frames: (J=compiled Java code, j=interpreted, Vv=VM code, C=native code)
C  0x0000000069b08624

Java frames: (J=compiled Java code, j=interpreted, Vv=VM code)
J  sun.java2d.windows.GDIBlitLoops.nativeBlit(Lsun/java2d/SurfaceData;Lsun/java2d/SurfaceData;Lsun/java2d/pipe/Region;IIIIIIIIIZ)V
J  sun.java2d.windows.GDIBlitLoops.Blit(Lsun/java2d/SurfaceData;Lsun/java2d/SurfaceData;Ljava/awt/Composite;Lsun/java2d/pipe/Region;IIIIII)V
J  sun.java2d.pipe.DrawImage.copyImage(Lsun/java2d/SunGraphics2D;Ljava/awt/Image;IILjava/awt/Color;Ljava/awt/image/ImageObserver;)Z
J  javax.swing.RepaintManager$PaintManager.paintDoubleBuffered(Ljavax/swing/JComponent;Ljava/awt/Image;Ljava/awt/Graphics;IIII)V
J  javax.swing.RepaintManager$PaintManager.paint(Ljavax/swing/JComponent;Ljavax/swing/JComponent;Ljava/awt/Graphics;IIII)Z
j  javax.swing.RepaintManager.paint(Ljavax/swing/JComponent;Ljavax/swing/JComponent;Ljava/awt/Graphics;IIII)V+52
J  javax.swing.JComponent.paint(Ljava/awt/Graphics;)V
j  java.awt.GraphicsCallback$PaintCallback.run(Ljava/awt/Component;Ljava/awt/Graphics;)V+2
j  sun.awt.SunGraphicsCallback.runOneComponent(Ljava/awt/Component;Ljava/awt/Rectangle;Ljava/awt/Graphics;Ljava/awt/Shape;I)V+155
j  sun.awt.SunGraphicsCallback.runComponents([Ljava/awt/Component;Ljava/awt/Graphics;I)V+194
j  java.awt.Container.paint(Ljava/awt/Graphics;)V+58
j  java.awt.Window.paint(Ljava/awt/Graphics;)V+68
J  javax.swing.RepaintManager.paintDirtyRegions(Ljava/util/Map;)V
J  javax.swing.RepaintManager$ProcessingRunnable.run()V
J  java.awt.EventQueue$3.run()Ljava/lang/Object;
v  ~StubRoutines::call_stub
J  java.security.AccessController.doPrivileged(Ljava/security/PrivilegedAction;Ljava/security/AccessControlContext;)Ljava/lang/Object;
J  java.awt.EventDispatchThread.pumpEventsForFilter(ILjava/awt/Conditional;Ljava/awt/EventFilter;)V
j  java.awt.EventDispatchThread.pumpEventsForHierarchy(ILjava/awt/Conditional;Ljava/awt/Component;)V+11
j  java.awt.EventDispatchThread.pumpEvents(ILjava/awt/Conditional;)V+4
j  java.awt.EventDispatchThread.pumpEvents(Ljava/awt/Conditional;)V+3
j  java.awt.EventDispatchThread.run()V+9
v  ~StubRoutines::call_stub

---------------  P R O C E S S  ---------------

Java Threads: ( => current thread )
  0x0000000127a1f000 JavaThread "Code Analyzer updating thread" [_thread_blocked, id=19088, stack(0x0000001e140d0000,0x0000001e180d0000)]
  0x0000000127a1c000 JavaThread "Code Analyzer updating thread" [_thread_blocked, id=18456, stack(0x0000001e780d0000,0x0000001e7c0d0000)]
  0x00000001284fd800 JavaThread "Code Analyzer updating thread" [_thread_blocked, id=2440, stack(0x0000001e500d0000,0x0000001e540d0000)]
  0x0000000008428000 JavaThread "LocalScheduler2" daemon [_thread_blocked, id=8832, stack(0x0000001e400d0000,0x0000001e440d0000)]
  0x0000000127a1f800 JavaThread "FreeableDirectByteBuffer reference reaper" daemon [_thread_blocked, id=11964, stack(0x0000001de00d0000,0x0000001de40d0000)]
  0x0000000128500000 JavaThread "LocalScheduler1" daemon [_thread_blocked, id=18072, stack(0x0000001db00d0000,0x0000001db40d0000)]
  0x00000001284f4000 JavaThread "Thread-5141" daemon [_thread_blocked, id=9280, stack(0x0000001dac0d0000,0x0000001db00d0000)]
  0x0000000127a27000 JavaThread "ParallelStatusIndicatorUI fAutoToolTipScheduler-0" daemon [_thread_blocked, id=16004, stack(0x0000001da00d0000,0x0000001da40d0000)]
  0x0000000127a23800 JavaThread "LocalScheduler0" daemon [_thread_blocked, id=15268, stack(0x0000001d980d0000,0x0000001d9c0d0000)]
  0x000000012868f800 JavaThread "Code Analyzer updating thread" [_thread_blocked, id=4988, stack(0x0000001d100d0000,0x0000001d140d0000)]
  0x0000000065655000 JavaThread "Code Analyzer updating thread" [_thread_blocked, id=10472, stack(0x0000001c980d0000,0x0000001c9c0d0000)]
  0x0000000128690000 JavaThread "Code Analyzer updating thread" [_thread_blocked, id=18352, stack(0x000000199c0d0000,0x00000019a00d0000)]
  0x0000000128693000 JavaThread "Code Analyzer updating thread" [_thread_blocked, id=12276, stack(0x00000018440d0000,0x00000018480d0000)]
  0x0000000128687000 JavaThread "Code Analyzer updating thread" [_thread_blocked, id=16404, stack(0x000000022c0d0000,0x00000002300d0000)]
  0x0000000021dfb000 JavaThread "Code Analyzer updating thread" [_thread_blocked, id=15828, stack(0x0000000f700d0000,0x0000000f740d0000)]
  0x0000000021dfb800 JavaThread "Browser Events Thread" daemon [_thread_blocked, id=9824, stack(0x000000025c0d0000,0x00000002600d0000)]
  0x0000000065655800 JavaThread "Timer-2" daemon [_thread_blocked, id=15340, stack(0x00000002400d0000,0x00000002440d0000)]
  0x000000006565a000 JavaThread "Main message loop" daemon [_thread_in_native, id=16352, stack(0x000000023c0d0000,0x00000002400d0000)]
  0x000000006565c800 JavaThread "com.jniwrapper.NativeResourceCollector" daemon [_thread_blocked, id=16368, stack(0x00000002340d0000,0x00000002380d0000)]
  0x0000000021df5800 JavaThread "Code Analyzer updating thread" [_thread_blocked, id=12180, stack(0x000000021c0d0000,0x00000002200d0000)]
  0x0000000021df6800 JavaThread "Code Analyzer updating thread" [_thread_blocked, id=17952, stack(0x00000002380d0000,0x000000023c0d0000)]
  0x0000000021df8000 JavaThread "Tab Completion Callable" [_thread_blocked, id=15392, stack(0x00000001e80d0000,0x00000001ec0d0000)]
  0x0000000008428800 JavaThread "Code Analyzer updating thread" [_thread_blocked, id=8180, stack(0x00000002580d0000,0x000000025c0d0000)]
  0x0000000008422000 JavaThread "Code Analyzer updating thread" [_thread_blocked, id=11224, stack(0x00000002640d0000,0x00000002680d0000)]
  0x0000000008427000 JavaThread "Tab Completion Callable" [_thread_blocked, id=3948, stack(0x00000002680d0000,0x000000026c0d0000)]
  0x000000006565f800 JavaThread "Swing-Shell" daemon [_thread_blocked, id=8740, stack(0x00000002440d0000,0x00000002480d0000)]
  0x000000005c350000 JavaThread "Code Analyzer updating thread" [_thread_blocked, id=13032, stack(0x00000002040d0000,0x00000002080d0000)]
  0x000000005c353800 JavaThread "Foxtrot Single Worker Thread #1" daemon [_thread_blocked, id=3380, stack(0x00000002540d0000,0x00000002580d0000)]
  0x0000000065658800 JavaThread "Prefs Updater" daemon [_thread_blocked, id=4308, stack(0x00000000d3f30000,0x00000000d7f30000)]
  0x0000000065654000 JavaThread "Code Analyzer updating thread" [_thread_blocked, id=12620, stack(0x0000000118000000,0x000000011c000000)]
  0x0000000065657000 JavaThread "Code Analyzer updating thread" [_thread_blocked, id=9952, stack(0x0000000110000000,0x0000000114000000)]
  0x0000000065652000 JavaThread "Code Analyzer updating thread" [_thread_blocked, id=7256, stack(0x0000000108000000,0x000000010c000000)]
  0x0000000065650800 JavaThread "Active Reference Queue Daemon" daemon [_thread_blocked, id=9288, stack(0x0000000100000000,0x0000000104000000)]
  0x0000000065653800 JavaThread "Timer-1" daemon [_thread_blocked, id=12128, stack(0x00000000c0f00000,0x00000000c4f00000)]
  0x000000005c356800 JavaThread "ClipboardMonitor Timer" daemon [_thread_blocked, id=13084, stack(0x00000000cff30000,0x00000000d3f30000)]
  0x000000005c354800 JavaThread "Explorer NavigationContext request queue" daemon [_thread_blocked, id=11620, stack(0x00000000dbf30000,0x00000000dff30000)]
  0x000000005c352000 JavaThread "AddressBar directory emptiness poller" daemon [_thread_blocked, id=9224, stack(0x00000000cbf30000,0x00000000cff30000)]
  0x000000005c350800 JavaThread "Explorer Refresh Service 1952345857" daemon [_thread_blocked, id=11712, stack(0x00000000c7f30000,0x00000000cbf30000)]
  0x000000005c355000 JavaThread "Thread-4" daemon [_thread_blocked, id=7348, stack(0x00000000bbf30000,0x00000000bff30000)]
  0x000000006565b800 JavaThread "TimerQueue" daemon [_thread_blocked, id=8944, stack(0x00000000b3ff0000,0x00000000b7ff0000)]
  0x000000005c351800 JavaThread "Thread-3" daemon [_thread_blocked, id=3848, stack(0x00000000abff0000,0x00000000afff0000)]
  0x000000005c13d000 JavaThread "FelixPackageAdmin" daemon [_thread_blocked, id=8340, stack(0x00000000a7ff0000,0x00000000abff0000)]
  0x000000005c337000 JavaThread "FelixStartLevel" daemon [_thread_blocked, id=11540, stack(0x00000000a3ff0000,0x00000000a7ff0000)]
  0x000000005c336800 JavaThread "FelixDispatchQueue" daemon [_thread_blocked, id=272, stack(0x000000009fff0000,0x00000000a3ff0000)]
=>0x000000005c240000 JavaThread "AWT-EventQueue-0" [_thread_in_native, id=9868, stack(0x0000000097ff0000,0x000000009bff0000)]
  0x0000000031b0d000 JavaThread "com.google.common.base.internal.Finalizer" daemon [_thread_blocked, id=9844, stack(0x0000000093ff0000,0x0000000097ff0000)]
  0x000000005bbce000 JavaThread "AWT-Windows" daemon [_thread_in_native, id=11112, stack(0x000000008bff0000,0x000000008fff0000)]
  0x000000005bbcd000 JavaThread "AWT-Shutdown" [_thread_blocked, id=5536, stack(0x0000000087ff0000,0x000000008bff0000)]
  0x000000005be09000 JavaThread "Java2D Disposer" daemon [_thread_blocked, id=9636, stack(0x0000000083ff0000,0x0000000087ff0000)]
  0x0000000030265000 JavaThread "Timer-0" [_thread_blocked, id=11584, stack(0x000000007fff0000,0x0000000083ff0000)]
  0x000000005ba9b800 JavaThread "EventMgr Dispatcher" daemon [_thread_in_native, id=4692, stack(0x000000007bf60000,0x000000007ff60000)]
  0x000000003156b000 JavaThread "Service Thread" daemon [_thread_blocked, id=12796, stack(0x0000000073f60000,0x0000000077f60000)]
  0x0000000031568000 JavaThread "C2 CompilerThread1" daemon [_thread_blocked, id=9496, stack(0x000000006ff60000,0x0000000073f60000)]
  0x0000000031562800 JavaThread "C2 CompilerThread0" daemon [_thread_blocked, id=11248, stack(0x0000000061370000,0x0000000065370000)]
  0x000000003155e000 JavaThread "Attach Listener" daemon [_thread_blocked, id=11048, stack(0x000000005d370000,0x0000000061370000)]
  0x0000000031518800 JavaThread "Finalizer" daemon [_thread_blocked, id=9816, stack(0x0000000057780000,0x000000005b780000)]
  0x0000000031512000 JavaThread "Reference Handler" daemon [_thread_blocked, id=8304, stack(0x0000000053780000,0x0000000057780000)]
  0x000000003025e000 JavaThread "main" [_thread_in_native, id=11744, stack(0x0000000000400000,0x0000000004400000)]

Other Threads:
  0x0000000031509800 VMThread [stack: 0x000000004f780000,0x0000000053780000] [id=11272]
  0x00000000315b2000 WatcherThread [stack: 0x0000000077f60000,0x000000007bf60000] [id=3616]

VM state:not at safepoint (normal execution)

VM Mutex/Monitor currently owned by a thread: None

Heap
 PSYoungGen      total 10240K, used 8933K [0x00000000fa000000, 0x00000000fbb70000, 0x0000000100000000)
  eden space 10048K, 88% used [0x00000000fa000000,0x00000000fa8b96a8,0x00000000fa9d0000)
  from space 192K, 0% used [0x00000000fafd0000,0x00000000fafd0000,0x00000000fb000000)
  to   space 6144K, 0% used [0x00000000fa9d0000,0x00000000fa9d0000,0x00000000fafd0000)
 ParOldGen       total 275072K, used 233132K [0x00000000e8000000, 0x00000000f8ca0000, 0x00000000fa000000)
  object space 275072K, 84% used [0x00000000e8000000,0x00000000f63ab130,0x00000000f8ca0000)
 PSPermGen       total 76992K, used 72666K [0x00000000e0000000, 0x00000000e4b30000, 0x00000000e8000000)
  object space 76992K, 94% used [0x00000000e0000000,0x00000000e46f6b98,0x00000000e4b30000)

Card table byte_map: [0x0000000034bd0000,0x0000000034ce0000] byte_map_base: 0x00000000344d0000

Polling page: 0x0000000016240000

Code Cache  [0x0000000031b10000, 0x0000000032830000, 0x0000000034b10000)
 total_blobs=4600 nmethods=3875 adapters=672 free_code_cache=36036Kb largest_free_block=36606976

Compilation events (10 events):
Event: 718241.055 Thread 0x0000000031562800 4285             javax.swing.plaf.basic.BasicTextUI::paintBackground (32 bytes)
Event: 718241.068 Thread 0x0000000031562800 nmethod 4285 0x0000000031cec9d0 code [0x0000000031cecbc0, 0x0000000031ced110]
Event: 718411.922 Thread 0x0000000031568000 4286             javax.swing.JComponent::alwaysOnTop (2 bytes)
Event: 718411.923 Thread 0x0000000031568000 nmethod 4286 0x000000003222b3d0 code [0x000000003222b500, 0x000000003222b558]
Event: 718424.780 Thread 0x0000000031562800 4287             javax.swing.RepaintManager::scheduleProcessingRunnable (8 bytes)
Event: 718424.781 Thread 0x0000000031562800 nmethod 4287 0x0000000032246ad0 code [0x0000000032246c40, 0x0000000032246d58]
Event: 718438.988 Thread 0x0000000031568000 4288   !         javax.swing.JComponent::fetchRectangle (58 bytes)
Event: 718438.995 Thread 0x0000000031568000 nmethod 4288 0x0000000031ca4790 code [0x0000000031ca4900, 0x0000000031ca4dc8]
Event: 722005.336 Thread 0x0000000031562800 4289   !         javax.swing.text.DefaultCaret$Handler::actionPerformed (127 bytes)
Event: 722005.343 Thread 0x0000000031562800 nmethod 4289 0x0000000032247e50 code [0x0000000032247fc0, 0x0000000032248488]

GC Heap History (10 events):
Event: 727461.936 GC heap before
{Heap before GC invocations=4683 (full 22):
 PSYoungGen      total 16192K, used 16128K [0x00000000fa000000, 0x00000000fb000000, 0x0000000100000000)
  eden space 16000K, 100% used [0x00000000fa000000,0x00000000fafa0000,0x00000000fafa0000)
  from space 192K, 66% used [0x00000000fafd0000,0x00000000faff0000,0x00000000fb000000)
  to   space 192K, 0% used [0x00000000fafa0000,0x00000000fafa0000,0x00000000fafd0000)
 ParOldGen       total 254912K, used 245735K [0x00000000e8000000, 0x00000000f78f0000, 0x00000000fa000000)
  object space 254912K, 96% used [0x00000000e8000000,0x00000000f6ff9c68,0x00000000f78f0000)
 PSPermGen       total 78208K, used 72681K [0x00000000e0000000, 0x00000000e4c60000, 0x00000000e8000000)
  object space 78208K, 92% used [0x00000000e0000000,0x00000000e46fa6d8,0x00000000e4c60000)
Event: 727461.942 GC heap after
Heap after GC invocations=4683 (full 22):
 PSYoungGen      total 16192K, used 128K [0x00000000fa000000, 0x00000000fb000000, 0x0000000100000000)
  eden space 16000K, 0% used [0x00000000fa000000,0x00000000fa000000,0x00000000fafa0000)
  from space 192K, 66% used [0x00000000fafa0000,0x00000000fafc0000,0x00000000fafd0000)
  to   space 192K, 0% used [0x00000000fafd0000,0x00000000fafd0000,0x00000000fb000000)
 ParOldGen       total 254912K, used 245735K [0x00000000e8000000, 0x00000000f78f0000, 0x00000000fa000000)
  object space 254912K, 96% used [0x00000000e8000000,0x00000000f6ff9c68,0x00000000f78f0000)
 PSPermGen       total 78208K, used 72681K [0x00000000e0000000, 0x00000000e4c60000, 0x00000000e8000000)
  object space 78208K, 92% used [0x00000000e0000000,0x00000000e46fa6d8,0x00000000e4c60000)
}
Event: 727527.936 GC heap before
{Heap before GC invocations=4684 (full 22):
 PSYoungGen      total 16192K, used 16128K [0x00000000fa000000, 0x00000000fb000000, 0x0000000100000000)
  eden space 16000K, 100% used [0x00000000fa000000,0x00000000fafa0000,0x00000000fafa0000)
  from space 192K, 66% used [0x00000000fafa0000,0x00000000fafc0000,0x00000000fafd0000)
  to   space 192K, 0% used [0x00000000fafd0000,0x00000000fafd0000,0x00000000fb000000)
 ParOldGen       total 254912K, used 245735K [0x00000000e8000000, 0x00000000f78f0000, 0x00000000fa000000)
  object space 254912K, 96% used [0x00000000e8000000,0x00000000f6ff9c68,0x00000000f78f0000)
 PSPermGen       total 78208K, used 72681K [0x00000000e0000000, 0x00000000e4c60000, 0x00000000e8000000)
  object space 78208K, 92% used [0x00000000e0000000,0x00000000e46fa6d8,0x00000000e4c60000)
Event: 727527.942 GC heap after
Heap after GC invocations=4684 (full 22):
 PSYoungGen      total 16192K, used 160K [0x00000000fa000000, 0x00000000fb000000, 0x0000000100000000)
  eden space 16000K, 0% used [0x00000000fa000000,0x00000000fa000000,0x00000000fafa0000)
  from space 192K, 83% used [0x00000000fafd0000,0x00000000faff8000,0x00000000fb000000)
  to   space 192K, 0% used [0x00000000fafa0000,0x00000000fafa0000,0x00000000fafd0000)
 ParOldGen       total 254912K, used 245735K [0x00000000e8000000, 0x00000000f78f0000, 0x00000000fa000000)
  object space 254912K, 96% used [0x00000000e8000000,0x00000000f6ff9c68,0x00000000f78f0000)
 PSPermGen       total 78208K, used 72681K [0x00000000e0000000, 0x00000000e4c60000, 0x00000000e8000000)
  object space 78208K, 92% used [0x00000000e0000000,0x00000000e46fa6d8,0x00000000e4c60000)
}
Event: 727593.935 GC heap before
{Heap before GC invocations=4685 (full 22):
 PSYoungGen      total 16192K, used 16160K [0x00000000fa000000, 0x00000000fb000000, 0x0000000100000000)
  eden space 16000K, 100% used [0x00000000fa000000,0x00000000fafa0000,0x00000000fafa0000)
  from space 192K, 83% used [0x00000000fafd0000,0x00000000faff8000,0x00000000fb000000)
  to   space 192K, 0% used [0x00000000fafa0000,0x00000000fafa0000,0x00000000fafd0000)
 ParOldGen       total 254912K, used 245735K [0x00000000e8000000, 0x00000000f78f0000, 0x00000000fa000000)
  object space 254912K, 96% used [0x00000000e8000000,0x00000000f6ff9c68,0x00000000f78f0000)
 PSPermGen       total 78208K, used 72681K [0x00000000e0000000, 0x00000000e4c60000, 0x00000000e8000000)
  object space 78208K, 92% used [0x00000000e0000000,0x00000000e46fa6d8,0x00000000e4c60000)
Event: 727593.938 GC heap after
Heap after GC invocations=4685 (full 22):
 PSYoungGen      total 16192K, used 160K [0x00000000fa000000, 0x00000000fb000000, 0x0000000100000000)
  eden space 16000K, 0% used [0x00000000fa000000,0x00000000fa000000,0x00000000fafa0000)
  from space 192K, 83% used [0x00000000fafa0000,0x00000000fafc8000,0x00000000fafd0000)
  to   space 192K, 0% used [0x00000000fafd0000,0x00000000fafd0000,0x00000000fb000000)
 ParOldGen       total 254912K, used 245735K [0x00000000e8000000, 0x00000000f78f0000, 0x00000000fa000000)
  object space 254912K, 96% used [0x00000000e8000000,0x00000000f6ff9c68,0x00000000f78f0000)
 PSPermGen       total 78208K, used 72681K [0x00000000e0000000, 0x00000000e4c60000, 0x00000000e8000000)
  object space 78208K, 92% used [0x00000000e0000000,0x00000000e46fa6d8,0x00000000e4c60000)
}
Event: 727617.833 GC heap before
{Heap before GC invocations=4686 (full 22):
 PSYoungGen      total 16192K, used 16160K [0x00000000fa000000, 0x00000000fb000000, 0x0000000100000000)
  eden space 16000K, 100% used [0x00000000fa000000,0x00000000fafa0000,0x00000000fafa0000)
  from space 192K, 83% used [0x00000000fafa0000,0x00000000fafc8000,0x00000000fafd0000)
  to   space 192K, 0% used [0x00000000fafd0000,0x00000000fafd0000,0x00000000fb000000)
 ParOldGen       total 254912K, used 245735K [0x00000000e8000000, 0x00000000f78f0000, 0x00000000fa000000)
  object space 254912K, 96% used [0x00000000e8000000,0x00000000f6ff9c68,0x00000000f78f0000)
 PSPermGen       total 78208K, used 72681K [0x00000000e0000000, 0x00000000e4c60000, 0x00000000e8000000)
  object space 78208K, 92% used [0x00000000e0000000,0x00000000e46fa6f8,0x00000000e4c60000)
Event: 727617.840 GC heap after
Heap after GC invocations=4686 (full 22):
 PSYoungGen      total 10240K, used 192K [0x00000000fa000000, 0x00000000fbb70000, 0x0000000100000000)
  eden space 10048K, 0% used [0x00000000fa000000,0x00000000fa000000,0x00000000fa9d0000)
  from space 192K, 100% used [0x00000000fafd0000,0x00000000fb000000,0x00000000fb000000)
  to   space 6144K, 0% used [0x00000000fa9d0000,0x00000000fa9d0000,0x00000000fafd0000)
 ParOldGen       total 265408K, used 261721K [0x00000000e8000000, 0x00000000f8330000, 0x00000000fa000000)
  object space 265408K, 98% used [0x00000000e8000000,0x00000000f7f96548,0x00000000f8330000)
 PSPermGen       total 78208K, used 72681K [0x00000000e0000000, 0x00000000e4c60000, 0x00000000e8000000)
  object space 78208K, 92% used [0x00000000e0000000,0x00000000e46fa6f8,0x00000000e4c60000)
}
Event: 727617.840 GC heap before
{Heap before GC invocations=4687 (full 23):
 PSYoungGen      total 10240K, used 192K [0x00000000fa000000, 0x00000000fbb70000, 0x0000000100000000)
  eden space 10048K, 0% used [0x00000000fa000000,0x00000000fa000000,0x00000000fa9d0000)
  from space 192K, 100% used [0x00000000fafd0000,0x00000000fb000000,0x00000000fb000000)
  to   space 6144K, 0% used [0x00000000fa9d0000,0x00000000fa9d0000,0x00000000fafd0000)
 ParOldGen       total 265408K, used 261721K [0x00000000e8000000, 0x00000000f8330000, 0x00000000fa000000)
  object space 265408K, 98% used [0x00000000e8000000,0x00000000f7f96548,0x00000000f8330000)
 PSPermGen       total 78208K, used 72681K [0x00000000e0000000, 0x00000000e4c60000, 0x00000000e8000000)
  object space 78208K, 92% used [0x00000000e0000000,0x00000000e46fa6f8,0x00000000e4c60000)
Event: 727618.058 GC heap after
Heap after GC invocations=4687 (full 23):
 PSYoungGen      total 10240K, used 0K [0x00000000fa000000, 0x00000000fbb70000, 0x0000000100000000)
  eden space 10048K, 0% used [0x00000000fa000000,0x00000000fa000000,0x00000000fa9d0000)
  from space 192K, 0% used [0x00000000fafd0000,0x00000000fafd0000,0x00000000fb000000)
  to   space 6144K, 0% used [0x00000000fa9d0000,0x00000000fa9d0000,0x00000000fafd0000)
 ParOldGen       total 275072K, used 225204K [0x00000000e8000000, 0x00000000f8ca0000, 0x00000000fa000000)
  object space 275072K, 81% used [0x00000000e8000000,0x00000000f5bed320,0x00000000f8ca0000)
 PSPermGen       total 76992K, used 72666K [0x00000000e0000000, 0x00000000e4b30000, 0x00000000e8000000)
  object space 76992K, 94% used [0x00000000e0000000,0x00000000e46f6b78,0x00000000e4b30000)
}

Deoptimization events (10 events):
Event: 690173.922 Thread 0x000000005c240000 Uncommon trap -58 fr.pc 0x000000003258e5c4
Event: 690173.922 Thread 0x000000005c240000 Uncommon trap -34 fr.pc 0x0000000031e8b788
Event: 690173.922 Thread 0x000000005c240000 Uncommon trap -58 fr.pc 0x0000000032570f50
Event: 690173.922 Thread 0x000000005c240000 Uncommon trap -34 fr.pc 0x0000000031e8b788
Event: 690173.922 Thread 0x000000005c240000 Uncommon trap -58 fr.pc 0x000000003258e5c4
Event: 690173.922 Thread 0x000000005c240000 Uncommon trap -34 fr.pc 0x0000000031e8b788
Event: 690173.922 Thread 0x000000005c240000 Uncommon trap -58 fr.pc 0x0000000032570f50
Event: 690173.922 Thread 0x000000005c240000 Uncommon trap -58 fr.pc 0x000000003258e5c4
Event: 690173.922 Thread 0x000000005c240000 Uncommon trap -58 fr.pc 0x000000003258e5c4
Event: 713638.859 Thread 0x000000005c240000 Uncommon trap -12 fr.pc 0x0000000032322e70

Internal exceptions (10 events):
Event: 727618.126 Thread 0x0000000031518800 Threw 0x00000000fa039b08 at C:\jdk7u1_64p\jdk7u11\hotspot\src\share\vm\interpreter\interpreterRuntime.cpp:362
Event: 727618.126 Thread 0x0000000031518800 Threw 0x00000000fa039d90 at C:\jdk7u1_64p\jdk7u11\hotspot\src\share\vm\interpreter\interpreterRuntime.cpp:362
Event: 727618.126 Thread 0x0000000031518800 Threw 0x00000000fa039f68 at C:\jdk7u1_64p\jdk7u11\hotspot\src\share\vm\interpreter\interpreterRuntime.cpp:362
Event: 727618.126 Thread 0x0000000031518800 Threw 0x00000000fa03a140 at C:\jdk7u1_64p\jdk7u11\hotspot\src\share\vm\interpreter\interpreterRuntime.cpp:362
Event: 727618.126 Thread 0x0000000031518800 Threw 0x00000000fa03a318 at C:\jdk7u1_64p\jdk7u11\hotspot\src\share\vm\interpreter\interpreterRuntime.cpp:362
Event: 727618.126 Thread 0x0000000031518800 Threw 0x00000000fa03a450 at C:\jdk7u1_64p\jdk7u11\hotspot\src\share\vm\interpreter\interpreterRuntime.cpp:362
Event: 727618.126 Thread 0x0000000031518800 Threw 0x00000000fa03a6d8 at C:\jdk7u1_64p\jdk7u11\hotspot\src\share\vm\interpreter\interpreterRuntime.cpp:362
Event: 727618.126 Thread 0x0000000031518800 Threw 0x00000000fa03a8b0 at C:\jdk7u1_64p\jdk7u11\hotspot\src\share\vm\interpreter\interpreterRuntime.cpp:362
Event: 727618.126 Thread 0x0000000031518800 Threw 0x00000000fa03aa88 at C:\jdk7u1_64p\jdk7u11\hotspot\src\share\vm\interpreter\interpreterRuntime.cpp:362
Event: 727618.126 Thread 0x0000000031518800 Threw 0x00000000fa03ac60 at C:\jdk7u1_64p\jdk7u11\hotspot\src\share\vm\interpreter\interpreterRuntime.cpp:362

Events (10 events):
Event: 727395.935 Executing VM operation: ParallelGCFailedAllocation
Event: 727395.942 Executing VM operation: ParallelGCFailedAllocation done
Event: 727461.936 Executing VM operation: ParallelGCFailedAllocation
Event: 727461.943 Executing VM operation: ParallelGCFailedAllocation done
Event: 727527.936 Executing VM operation: ParallelGCFailedAllocation
Event: 727527.942 Executing VM operation: ParallelGCFailedAllocation done
Event: 727593.935 Executing VM operation: ParallelGCFailedAllocation
Event: 727593.938 Executing VM operation: ParallelGCFailedAllocation done
Event: 727617.832 Executing VM operation: ParallelGCFailedAllocation
Event: 727618.058 Executing VM operation: ParallelGCFailedAllocation done


Dynamic libraries:
0x0000000140000000 - 0x0000000140029000 	C:\Program Files\MATLAB\R2013b\bin\win64\matlab.exe
0x00007ffb42ae0000 - 0x00007ffb42ca1000 	C:\WINDOWS\SYSTEM32\ntdll.dll
0x00007ffb406e0000 - 0x00007ffb4078d000 	C:\WINDOWS\system32\KERNEL32.DLL
0x00007ffb3f800000 - 0x00007ffb3f9e8000 	C:\WINDOWS\system32\KERNELBASE.dll
0x000000006e4d0000 - 0x000000006e57d000 	C:\Program Files\MATLAB\R2013b\bin\win64\mcr.dll
0x000000006f060000 - 0x000000006f3dc000 	C:\Program Files\MATLAB\R2013b\bin\win64\libmwservices.dll
0x000000006ad70000 - 0x000000006aedf000 	C:\Program Files\MATLAB\R2013b\bin\win64\mvm.dll
0x000000006be30000 - 0x000000006bec8000 	C:\Program Files\MATLAB\R2013b\bin\win64\MSVCP100.dll
0x000000006bd50000 - 0x000000006be22000 	C:\Program Files\MATLAB\R2013b\bin\win64\MSVCR100.dll
0x00007ffb42980000 - 0x00007ffb42ad6000 	C:\WINDOWS\system32\USER32.dll
0x000000006fe80000 - 0x000000006ff56000 	C:\Program Files\MATLAB\R2013b\bin\win64\libmwi18n.dll
0x00007ffb40d70000 - 0x00007ffb40ef6000 	C:\WINDOWS\system32\GDI32.dll
0x00007ffb41190000 - 0x00007ffb426ec000 	C:\WINDOWS\system32\SHELL32.dll
0x00007ffb3ff50000 - 0x00007ffb3ffed000 	C:\WINDOWS\system32\msvcrt.dll
0x00007ffb3fa50000 - 0x00007ffb3fa93000 	C:\WINDOWS\system32\cfgmgr32.dll
0x00007ffb3f1b0000 - 0x00007ffb3f7f5000 	C:\WINDOWS\system32\windows.storage.dll
0x00007ffb426f0000 - 0x00007ffb4296d000 	C:\WINDOWS\system32\combase.dll
0x00007ffb40b80000 - 0x00007ffb40c9c000 	C:\WINDOWS\system32\RPCRT4.dll
0x00007ffb3fca0000 - 0x00007ffb3fd0a000 	C:\WINDOWS\system32\bcryptPrimitives.dll
0x00007ffb40790000 - 0x00007ffb40837000 	C:\WINDOWS\system32\advapi32.dll
0x00007ffb40fc0000 - 0x00007ffb4101b000 	C:\WINDOWS\system32\sechost.dll
0x00007ffb3fef0000 - 0x00007ffb3ff42000 	C:\WINDOWS\system32\shlwapi.dll
0x00007ffb3f130000 - 0x00007ffb3f13f000 	C:\WINDOWS\system32\kernel.appcore.dll
0x00007ffb3faa0000 - 0x00007ffb3fb55000 	C:\WINDOWS\system32\shcore.dll
0x00007ffb3f140000 - 0x00007ffb3f18b000 	C:\WINDOWS\system32\powrprof.dll
0x00007ffb3f100000 - 0x00007ffb3f114000 	C:\WINDOWS\system32\profapi.dll
0x00007ffb41040000 - 0x00007ffb41183000 	C:\WINDOWS\system32\ole32.dll
0x000000006e110000 - 0x000000006e4d0000 	C:\Program Files\MATLAB\R2013b\bin\win64\iqm.dll
0x000000006c710000 - 0x000000006c73f000 	C:\Program Files\MATLAB\R2013b\bin\win64\libmwbridge.dll
0x00007ffb41020000 - 0x00007ffb4103c000 	C:\WINDOWS\system32\imagehlp.dll
0x0000000004400000 - 0x00000000044bb000 	C:\Program Files\MATLAB\R2013b\bin\win64\libut.dll
0x000000006f960000 - 0x000000006fb07000 	C:\Program Files\MATLAB\R2013b\bin\win64\libmwfl.dll
0x00007ffb405d0000 - 0x00007ffb406db000 	C:\WINDOWS\system32\COMDLG32.dll
0x00007ffb3fb60000 - 0x00007ffb3fbe6000 	C:\WINDOWS\system32\FirewallAPI.dll
0x00007ffb3f190000 - 0x00007ffb3f1a7000 	C:\WINDOWS\system32\NETAPI32.dll
0x00007ffb40f00000 - 0x00007ffb40f6b000 	C:\WINDOWS\system32\WS2_32.dll
0x00007ffb40ab0000 - 0x00007ffb40b71000 	C:\WINDOWS\system32\OLEAUT32.dll
0x0000000010650000 - 0x000000001074b000 	C:\Program Files\MATLAB\R2013b\bin\win64\libmx.dll
0x00007ffb42970000 - 0x00007ffb42978000 	C:\WINDOWS\system32\PSAPI.DLL
0x000000006d760000 - 0x000000006d784000 	C:\Program Files\MATLAB\R2013b\bin\win64\libmex.dll
0x000000006eeb0000 - 0x000000006eef7000 	C:\Program Files\MATLAB\R2013b\bin\win64\mpath.dll
0x00000000109c0000 - 0x0000000010fe8000 	C:\Program Files\MATLAB\R2013b\bin\win64\mlutil.dll
0x0000000180000000 - 0x00000001800c2000 	C:\Program Files\MATLAB\R2013b\bin\win64\m_dispatcher.dll
0x0000000010750000 - 0x00000000109b2000 	C:\Program Files\MATLAB\R2013b\bin\win64\mcos.dll
0x000000006c500000 - 0x000000006c651000 	C:\Program Files\MATLAB\R2013b\bin\win64\libmwgui.dll
0x0000000011c00000 - 0x0000000012566000 	C:\Program Files\MATLAB\R2013b\bin\win64\hg.dll
0x000000006b3a0000 - 0x000000006b4b2000 	C:\Program Files\MATLAB\R2013b\bin\win64\hgutils.dll
0x0000000010ff0000 - 0x00000000117eb000 	C:\Program Files\MATLAB\R2013b\bin\win64\m_interpreter.dll
0x000000006b780000 - 0x000000006b848000 	C:\Program Files\MATLAB\R2013b\bin\win64\jmi.dll
0x000000006b2f0000 - 0x000000006b39e000 	C:\Program Files\MATLAB\R2013b\bin\win64\udd_mi.dll
0x00000000117f0000 - 0x0000000011bff000 	C:\Program Files\MATLAB\R2013b\bin\win64\libmwMATLAB_res.dll
0x000000006afc0000 - 0x000000006b28f000 	C:\Program Files\MATLAB\R2013b\bin\win64\uiw.dll
0x000000006af50000 - 0x000000006af6d000 	C:\Program Files\MATLAB\R2013b\bin\win64\mwoles05.DLL
0x000000006aee0000 - 0x000000006af4c000 	C:\Program Files\MATLAB\R2013b\bin\win64\comcli.dll
0x0000000000020000 - 0x000000000002c000 	C:\Program Files\MATLAB\R2013b\bin\win64\mlautoregister.dll
0x000000006bd40000 - 0x000000006bd4e000 	C:\Program Files\MATLAB\R2013b\bin\win64\boost_date_time-vc100-mt-1_49.dll
0x000000006bd00000 - 0x000000006bd2c000 	C:\Program Files\MATLAB\R2013b\bin\win64\boost_filesystem-vc100-mt-1_49.dll
0x000000006bd30000 - 0x000000006bd40000 	C:\Program Files\MATLAB\R2013b\bin\win64\boost_iostreams-vc100-mt-1_49.dll
0x000000006bcf0000 - 0x000000006bcf9000 	C:\Program Files\MATLAB\R2013b\bin\win64\boost_system-vc100-mt-1_49.dll
0x000000006bcd0000 - 0x000000006bce1000 	C:\Program Files\MATLAB\R2013b\bin\win64\boost_thread-vc100-mt-1_49.dll
0x00007ffb2e640000 - 0x00007ffb2e673000 	C:\Program Files\MATLAB\R2013b\bin\win64\tbb.dll
0x000000006bc80000 - 0x000000006bcc6000 	C:\Program Files\MATLAB\R2013b\bin\win64\boost_serialization-vc100-mt-1_49.dll
0x000000006fe70000 - 0x000000006fe7d000 	C:\Program Files\MATLAB\R2013b\bin\win64\libmwresource_core.dll
0x000000006bc50000 - 0x000000006bc75000 	C:\Program Files\MATLAB\R2013b\bin\win64\LIBEXPAT.dll
0x0000000012630000 - 0x00000000127ba000 	C:\Program Files\MATLAB\R2013b\bin\win64\icuin49.dll
0x0000000012570000 - 0x0000000012626000 	C:\Program Files\MATLAB\R2013b\bin\win64\udd.dll
0x00000000127c0000 - 0x00000000128fe000 	C:\Program Files\MATLAB\R2013b\bin\win64\icuuc49.dll
0x000000006bc40000 - 0x000000006bc50000 	C:\Program Files\MATLAB\R2013b\bin\win64\icuio49.dll
0x000000006ef00000 - 0x000000006ef4e000 	C:\Program Files\MATLAB\R2013b\bin\win64\libmwregexp.dll
0x000000006e5f0000 - 0x000000006e613000 	C:\Program Files\MATLAB\R2013b\bin\win64\libmwMATLAB_settings_res.dll
0x000000006e580000 - 0x000000006e586000 	C:\Program Files\MATLAB\R2013b\bin\win64\libmwnativedisplay.dll
0x00000000685f0000 - 0x000000006863d000 	C:\Program Files\MATLAB\R2013b\bin\win64\opccore.dll
0x00000000684f0000 - 0x00000000685c6000 	C:\Program Files\MATLAB\R2013b\bin\win64\opcmodel.dll
0x00000000684c0000 - 0x00000000684ed000 	C:\Program Files\MATLAB\R2013b\bin\win64\opczippackage.dll
0x0000000068340000 - 0x00000000683a6000 	C:\Program Files\MATLAB\R2013b\bin\win64\opcmwservices.dll
0x000000006bbb0000 - 0x000000006bc3c000 	C:\Program Files\MATLAB\R2013b\bin\win64\boost_log-vc100-mt-1_49.dll
0x00007ffb3b500000 - 0x00007ffb3b5aa000 	C:\WINDOWS\WinSxS\amd64_microsoft.windows.common-controls_6595b64144ccf1df_5.82.10586.0_none_396e892957c7fb25\COMCTL32.dll
0x000000006aa10000 - 0x000000006ac51000 	C:\Program Files\MATLAB\R2013b\bin\win64\xerces-c_2_7.dll
0x00007ffb2e490000 - 0x00007ffb2e4b8000 	C:\Program Files\MATLAB\R2013b\bin\win64\tbbmalloc.dll
0x00000000001c0000 - 0x00000000001d7000 	C:\Program Files\MATLAB\R2013b\bin\win64\zlib1.dll
0x000000006ac60000 - 0x000000006ad3f000 	C:\Program Files\MATLAB\R2013b\bin\win64\boost_regex-vc100-mt-1_49.dll
0x000000006ad40000 - 0x000000006ad51000 	C:\Program Files\MATLAB\R2013b\bin\win64\boost_signals-vc100-mt-1_49.dll
0x000000006e870000 - 0x000000006e8e7000 	C:\Program Files\MATLAB\R2013b\bin\win64\xmlcore.dll
0x000000006c4d0000 - 0x000000006c4f8000 	C:\Program Files\MATLAB\R2013b\bin\win64\graphics_util.dll
0x0000000012900000 - 0x0000000012b05000 	C:\Program Files\MATLAB\R2013b\bin\win64\hgdatatypes.dll
0x000000006b770000 - 0x000000006b77e000 	C:\Program Files\MATLAB\R2013b\bin\win64\nativejava_services.dll
0x00000000044c0000 - 0x0000000004502000 	C:\Program Files\MATLAB\R2013b\bin\win64\libmwhardcopy.dll
0x000000006afb0000 - 0x000000006afb9000 	C:\Program Files\MATLAB\R2013b\bin\win64\uinone.dll
0x000000006b6d0000 - 0x000000006b72e000 	C:\Program Files\MATLAB\R2013b\bin\win64\libuij.dll
0x000000006af80000 - 0x000000006afac000 	C:\Program Files\MATLAB\R2013b\bin\win64\libmwnativedialogs.dll
0x00007ffb2fcf0000 - 0x00007ffb2fd0b000 	C:\WINDOWS\SYSTEM32\MPR.dll
0x000000006a4b0000 - 0x000000006aa0d000 	C:\Program Files\MATLAB\R2013b\bin\win64\mfc100.dll
0x00007ffb3b250000 - 0x00007ffb3b2d4000 	C:\WINDOWS\SYSTEM32\WINSPOOL.DRV
0x000000006d6e0000 - 0x000000006d75b000 	C:\Program Files\MATLAB\R2013b\bin\win64\profiler.dll
0x000000006d450000 - 0x000000006d5c8000 	C:\Program Files\MATLAB\R2013b\bin\win64\libmwmathutil.dll
0x000000006d420000 - 0x000000006d447000 	C:\Program Files\MATLAB\R2013b\bin\win64\libmwmathrng.dll
0x000000006ceb0000 - 0x000000006ced0000 	C:\Program Files\MATLAB\R2013b\bin\win64\m_pcodeio.dll
0x000000006ce50000 - 0x000000006ceac000 	C:\Program Files\MATLAB\R2013b\bin\win64\m_ir.dll
0x0000000012b10000 - 0x00000000131c5000 	C:\Program Files\MATLAB\R2013b\bin\win64\m_parser.dll
0x000000006c740000 - 0x000000006c768000 	C:\Program Files\MATLAB\R2013b\bin\win64\m_pcodegen.dll
0x000000006d2b0000 - 0x000000006d313000 	C:\Program Files\MATLAB\R2013b\bin\win64\libmwspmatrix.dll
0x00007ffb394d0000 - 0x00007ffb3965c000 	C:\WINDOWS\SYSTEM32\dbghelp.dll
0x000000006a480000 - 0x000000006a4ab000 	C:\Program Files\MATLAB\R2013b\bin\win64\ATL100.DLL
0x000000006ba60000 - 0x000000006babd000 	C:\Program Files\MATLAB\R2013b\bin\win64\libmat.dll
0x000000006ced0000 - 0x000000006cf4f000 	C:\Program Files\MATLAB\R2013b\bin\win64\libmwlapack.dll
0x000000006b2b0000 - 0x000000006b2e6000 	C:\Program Files\MATLAB\R2013b\bin\win64\libmwgbtutils.dll
0x000000006b290000 - 0x000000006b2a3000 	C:\Program Files\MATLAB\R2013b\bin\win64\libmwgbt.dll
0x00000000132f0000 - 0x0000000014412000 	C:\Program Files\MATLAB\R2013b\bin\win64\icudt49.dll
0x000000006a470000 - 0x000000006a47e000 	C:\Program Files\MATLAB\R2013b\bin\win64\libminizip.dll
0x000000006a3b0000 - 0x000000006a468000 	C:\Program Files\MATLAB\R2013b\bin\win64\libtex_base.dll
0x00007ffb3b6b0000 - 0x00007ffb3b6b7000 	C:\WINDOWS\SYSTEM32\MSIMG32.dll
0x00007ffb3f030000 - 0x00007ffb3f059000 	C:\WINDOWS\SYSTEM32\bcrypt.dll
0x000000006af70000 - 0x000000006af7c000 	C:\Program Files\MATLAB\R2013b\bin\win64\libmwplatform_res.dll
0x000000006d410000 - 0x000000006d420000 	C:\Program Files\MATLAB\R2013b\bin\win64\libmwmfl_rng.dll
0x00000000131d0000 - 0x00000000132e8000 	C:\Program Files\MATLAB\R2013b\bin\win64\libmwmathcore.dll
0x000000006b850000 - 0x000000006ba58000 	C:\Program Files\MATLAB\R2013b\bin\win64\hdf5dll.dll
0x000000006cf60000 - 0x000000006cf75000 	C:\Program Files\MATLAB\R2013b\bin\win64\libmwbinder.dll
0x000000006cf50000 - 0x000000006cf5b000 	C:\Program Files\MATLAB\R2013b\bin\win64\libmwompwrapper.dll
0x00007ffb3b5f0000 - 0x00007ffb3b5fc000 	C:\WINDOWS\SYSTEM32\DAVHLPR.DLL
0x000000006c780000 - 0x000000006c797000 	C:\Program Files\MATLAB\R2013b\bin\win64\ir_xfmr.dll
0x000000006c770000 - 0x000000006c780000 	C:\Program Files\MATLAB\R2013b\bin\win64\mtok.dll
0x000000006cfc0000 - 0x000000006d01c000 	C:\Program Files\MATLAB\R2013b\bin\win64\libmwcholmod.dll
0x000000006cfa0000 - 0x000000006cfab000 	C:\Program Files\MATLAB\R2013b\bin\win64\libmwcolamd.dll
0x000000006cfb0000 - 0x000000006cfbc000 	C:\Program Files\MATLAB\R2013b\bin\win64\libmwamd.dll
0x000000006cf80000 - 0x000000006cf93000 	C:\Program Files\MATLAB\R2013b\bin\win64\libmwblas.dll
0x00007ffb40f70000 - 0x00007ffb40fab000 	C:\WINDOWS\system32\IMM32.DLL
0x00007ffb3eff0000 - 0x00007ffb3f021000 	C:\Windows\system32\nvinitx.dll
0x00007ffb3efe0000 - 0x00007ffb3efea000 	C:\WINDOWS\SYSTEM32\VERSION.dll

VM Arguments:
jvm_args: -XX:PermSize=32m -Xms64m -XX:NewRatio=3 -XX:MaxPermSize=128m -Xmx384m -XX:MaxDirectMemorySize=2147400000 -Dsun.java2d.noddraw=true -Dsun.awt.nopixfmt=true -Xshare:off -Xrs -XX:-UseSplitVerifier -Djava.library.path=C:\Program Files\MATLAB\R2013b\bin\win64;C:\Program Files\MATLAB\R2013b\sys\jxbrowser\win64\lib vfprintf abort -Duser.language=en -Duser.country=GB -XX:ParallelGCThreads=6 
java_command: <unknown>
Launcher Type: generic

Environment Variables:
PATH=C:\jet10.5-eval-amd64\bin;C:\ProgramData\Oracle\Java\javapath;C:\WINDOWS\system32;C:\WINDOWS;C:\WINDOWS\System32\Wbem;C:\WINDOWS\System32\WindowsPowerShell\v1.0\;C:\Program Files\MATLAB\R2013b\runtime\win64;C:\Program Files\MATLAB\R2013b\bin;C:\Program Files\MATLAB\R2013b\polyspace\bin;C:\Program Files\MATLAB\R2013a\runtime\win64;C:\Program Files\MATLAB\R2013a\bin;C:\Program Files\Java\jdk1.6.0_17\bin;C:\Program Files\MATLAB\MATLAB Compiler Runtime\v81\runtime\win64;C:\Program Files (x86)\Skype\Phone\
USERNAME=Tapesh
OS=Windows_NT
PROCESSOR_IDENTIFIER=Intel64 Family 6 Model 58 Stepping 9, GenuineIntel



---------------  S Y S T E M  ---------------

OS: Windows 8 , 64 bit Build 9200 

CPU:total 8 (4 cores per cpu, 2 threads per core) family 6 model 58 stepping 9, cmov, cx8, fxsr, mmx, sse, sse2, sse3, ssse3, sse4.1, sse4.2, popcnt, avx, ht, tsc, tscinvbit, tscinv

Memory: 4k page, physical 20508956k(12207420k free), swap 23523612k(10435492k free)

vm_info: Java HotSpot(TM) 64-Bit Server VM (23.6-b04) for windows-amd64 JRE (1.7.0_11-b21), built on Jan 12 2013 02:38:42 by "java_re" with unknown MS VC++:1600

time: Thu Apr 28 19:37:55 2016
elapsed time: 727624 seconds

